{"C:\\Desarrollo\\Estudios\\React\\InventoryManagment\\src\\server.ts": {"path":"C:\\Desarrollo\\Estudios\\React\\InventoryManagment\\src\\server.ts","statementMap":{"0":{"start":{"line":1,"column":0},"end":{"line":1,"column":30}},"1":{"start":{"line":2,"column":0},"end":{"line":2,"column":49}},"2":{"start":{"line":3,"column":0},"end":{"line":3,"column":28}},"3":{"start":{"line":4,"column":0},"end":{"line":4,"column":29}},"4":{"start":{"line":5,"column":0},"end":{"line":5,"column":43}},"5":{"start":{"line":6,"column":0},"end":{"line":6,"column":63}},"6":{"start":{"line":9,"column":25},"end":{"line":20,"column":1}},"7":{"start":{"line":10,"column":2},"end":{"line":19,"column":3}},"8":{"start":{"line":11,"column":4},"end":{"line":11,"column":28}},"9":{"start":{"line":12,"column":4},"end":{"line":12,"column":14}},"10":{"start":{"line":14,"column":4},"end":{"line":14,"column":77}},"11":{"start":{"line":16,"column":4},"end":{"line":18,"column":6}},"12":{"start":{"line":9,"column":13},"end":{"line":9,"column":25}},"13":{"start":{"line":22,"column":0},"end":{"line":22,"column":12}},"14":{"start":{"line":25,"column":15},"end":{"line":25,"column":24}},"15":{"start":{"line":28,"column":0},"end":{"line":28,"column":null}},"16":{"start":{"line":31,"column":0},"end":{"line":31,"column":47}},"17":{"start":{"line":33,"column":0},"end":{"line":37,"column":null}},"18":{"start":{"line":34,"column":2},"end":{"line":36,"column":null}},"19":{"start":{"line":40,"column":0},"end":{"line":40,"column":50}},"20":{"start":{"line":41,"column":0},"end":{"line":41,"column":92}},"21":{"start":{"line":43,"column":0},"end":{"line":43,"column":22}}},"fnMap":{"0":{"name":"(anonymous_7)","decl":{"start":{"line":9,"column":25},"end":{"line":9,"column":30}},"loc":{"start":{"line":9,"column":36},"end":{"line":20,"column":1}}},"1":{"name":"(anonymous_8)","decl":{"start":{"line":33,"column":19},"end":{"line":33,"column":20}},"loc":{"start":{"line":33,"column":32},"end":{"line":37,"column":1}}}},"branchMap":{},"s":{"0":2,"1":2,"2":2,"3":2,"4":2,"5":2,"6":2,"7":3,"8":3,"9":2,"10":2,"11":1,"12":2,"13":2,"14":2,"15":2,"16":2,"17":2,"18":1,"19":2,"20":2,"21":2},"f":{"0":3,"1":1},"b":{}}
,"C:\\Desarrollo\\Estudios\\React\\InventoryManagment\\src\\config\\db.ts": {"path":"C:\\Desarrollo\\Estudios\\React\\InventoryManagment\\src\\config\\db.ts","statementMap":{"0":{"start":{"line":1,"column":0},"end":{"line":1,"column":49}},"1":{"start":{"line":2,"column":0},"end":{"line":2,"column":28}},"2":{"start":{"line":4,"column":0},"end":{"line":4,"column":16}},"3":{"start":{"line":6,"column":11},"end":{"line":14,"column":2}},"4":{"start":{"line":16,"column":0},"end":{"line":16,"column":18}}},"fnMap":{},"branchMap":{},"s":{"0":2,"1":2,"2":2,"3":2,"4":2},"f":{},"b":{}}
,"C:\\Desarrollo\\Estudios\\React\\InventoryManagment\\src\\config\\swagger.ts": {"path":"C:\\Desarrollo\\Estudios\\React\\InventoryManagment\\src\\config\\swagger.ts","statementMap":{"0":{"start":{"line":1,"column":0},"end":{"line":1,"column":41}},"1":{"start":{"line":5,"column":39},"end":{"line":21,"column":null}},"2":{"start":{"line":24,"column":20},"end":{"line":24,"column":41}},"3":{"start":{"line":26,"column":44},"end":{"line":40,"column":null}},"4":{"start":{"line":44,"column":4},"end":{"line":44,"column":20}},"5":{"start":{"line":42,"column":0},"end":{"line":42,"column":27}}},"fnMap":{},"branchMap":{},"s":{"0":2,"1":2,"2":2,"3":2,"4":2,"5":2},"f":{},"b":{}}
,"C:\\Desarrollo\\Estudios\\React\\InventoryManagment\\src\\controllers\\products.ts": {"path":"C:\\Desarrollo\\Estudios\\React\\InventoryManagment\\src\\controllers\\products.ts","statementMap":{"0":{"start":{"line":2,"column":0},"end":{"line":2,"column":47}},"1":{"start":{"line":5,"column":24},"end":{"line":24,"column":1}},"2":{"start":{"line":14,"column":19},"end":{"line":16,"column":4}},"3":{"start":{"line":18,"column":2},"end":{"line":23,"column":3}},"4":{"start":{"line":19,"column":4},"end":{"line":22,"column":7}},"5":{"start":{"line":5,"column":13},"end":{"line":5,"column":24}},"6":{"start":{"line":27,"column":30},"end":{"line":42,"column":1}},"7":{"start":{"line":28,"column":17},"end":{"line":28,"column":27}},"8":{"start":{"line":29,"column":18},"end":{"line":29,"column":44}},"9":{"start":{"line":31,"column":2},"end":{"line":41,"column":3}},"10":{"start":{"line":32,"column":4},"end":{"line":35,"column":7}},"11":{"start":{"line":37,"column":4},"end":{"line":40,"column":7}},"12":{"start":{"line":27,"column":13},"end":{"line":27,"column":30}},"13":{"start":{"line":45,"column":29},"end":{"line":80,"column":1}},"14":{"start":{"line":46,"column":15},"end":{"line":46,"column":23}},"15":{"start":{"line":72,"column":18},"end":{"line":72,"column":48}},"16":{"start":{"line":74,"column":2},"end":{"line":79,"column":3}},"17":{"start":{"line":75,"column":4},"end":{"line":78,"column":7}},"18":{"start":{"line":45,"column":13},"end":{"line":45,"column":29}},"19":{"start":{"line":82,"column":29},"end":{"line":101,"column":1}},"20":{"start":{"line":83,"column":17},"end":{"line":83,"column":27}},"21":{"start":{"line":84,"column":18},"end":{"line":84,"column":44}},"22":{"start":{"line":86,"column":2},"end":{"line":100,"column":3}},"23":{"start":{"line":87,"column":20},"end":{"line":87,"column":50}},"24":{"start":{"line":89,"column":4},"end":{"line":94,"column":5}},"25":{"start":{"line":90,"column":6},"end":{"line":93,"column":9}},"26":{"start":{"line":96,"column":4},"end":{"line":99,"column":7}},"27":{"start":{"line":82,"column":13},"end":{"line":82,"column":29}},"28":{"start":{"line":103,"column":32},"end":{"line":118,"column":1}},"29":{"start":{"line":104,"column":17},"end":{"line":104,"column":27}},"30":{"start":{"line":105,"column":18},"end":{"line":105,"column":44}},"31":{"start":{"line":107,"column":2},"end":{"line":117,"column":3}},"32":{"start":{"line":108,"column":4},"end":{"line":108,"column":43}},"33":{"start":{"line":109,"column":20},"end":{"line":109,"column":34}},"34":{"start":{"line":111,"column":4},"end":{"line":116,"column":5}},"35":{"start":{"line":112,"column":6},"end":{"line":115,"column":9}},"36":{"start":{"line":103,"column":13},"end":{"line":103,"column":32}},"37":{"start":{"line":121,"column":29},"end":{"line":139,"column":1}},"38":{"start":{"line":122,"column":17},"end":{"line":122,"column":27}},"39":{"start":{"line":124,"column":18},"end":{"line":124,"column":44}},"40":{"start":{"line":126,"column":2},"end":{"line":138,"column":3}},"41":{"start":{"line":127,"column":4},"end":{"line":127,"column":28}},"42":{"start":{"line":129,"column":4},"end":{"line":132,"column":7}},"43":{"start":{"line":134,"column":4},"end":{"line":137,"column":7}},"44":{"start":{"line":121,"column":13},"end":{"line":121,"column":29}}},"fnMap":{"0":{"name":"(anonymous_1)","decl":{"start":{"line":5,"column":24},"end":{"line":5,"column":29}},"loc":{"start":{"line":5,"column":62},"end":{"line":24,"column":1}}},"1":{"name":"(anonymous_2)","decl":{"start":{"line":27,"column":30},"end":{"line":27,"column":35}},"loc":{"start":{"line":27,"column":68},"end":{"line":42,"column":1}}},"2":{"name":"(anonymous_3)","decl":{"start":{"line":45,"column":29},"end":{"line":45,"column":34}},"loc":{"start":{"line":45,"column":67},"end":{"line":80,"column":1}}},"3":{"name":"(anonymous_4)","decl":{"start":{"line":82,"column":29},"end":{"line":82,"column":34}},"loc":{"start":{"line":82,"column":67},"end":{"line":101,"column":1}}},"4":{"name":"(anonymous_5)","decl":{"start":{"line":103,"column":32},"end":{"line":103,"column":37}},"loc":{"start":{"line":103,"column":70},"end":{"line":118,"column":1}}},"5":{"name":"(anonymous_6)","decl":{"start":{"line":121,"column":29},"end":{"line":121,"column":34}},"loc":{"start":{"line":121,"column":67},"end":{"line":139,"column":1}}}},"branchMap":{"0":{"loc":{"start":{"line":18,"column":2},"end":{"line":23,"column":3}},"type":"if","locations":[{"start":{"line":18,"column":2},"end":{"line":23,"column":3}}]},"1":{"loc":{"start":{"line":31,"column":2},"end":{"line":41,"column":3}},"type":"if","locations":[{"start":{"line":31,"column":2},"end":{"line":41,"column":3}},{"start":{"line":36,"column":9},"end":{"line":41,"column":3}}]},"2":{"loc":{"start":{"line":74,"column":2},"end":{"line":79,"column":3}},"type":"if","locations":[{"start":{"line":74,"column":2},"end":{"line":79,"column":3}}]},"3":{"loc":{"start":{"line":86,"column":2},"end":{"line":100,"column":3}},"type":"if","locations":[{"start":{"line":86,"column":2},"end":{"line":100,"column":3}},{"start":{"line":95,"column":9},"end":{"line":100,"column":3}}]},"4":{"loc":{"start":{"line":89,"column":4},"end":{"line":94,"column":5}},"type":"if","locations":[{"start":{"line":89,"column":4},"end":{"line":94,"column":5}}]},"5":{"loc":{"start":{"line":107,"column":2},"end":{"line":117,"column":3}},"type":"if","locations":[{"start":{"line":107,"column":2},"end":{"line":117,"column":3}}]},"6":{"loc":{"start":{"line":111,"column":4},"end":{"line":116,"column":5}},"type":"if","locations":[{"start":{"line":111,"column":4},"end":{"line":116,"column":5}}]},"7":{"loc":{"start":{"line":126,"column":2},"end":{"line":138,"column":3}},"type":"if","locations":[{"start":{"line":126,"column":2},"end":{"line":138,"column":3}},{"start":{"line":133,"column":9},"end":{"line":138,"column":3}}]}},"s":{"0":2,"1":2,"2":2,"3":2,"4":2,"5":2,"6":2,"7":2,"8":2,"9":2,"10":1,"11":1,"12":2,"13":2,"14":1,"15":1,"16":1,"17":1,"18":2,"19":2,"20":2,"21":2,"22":2,"23":1,"24":1,"25":1,"26":1,"27":2,"28":2,"29":1,"30":1,"31":1,"32":1,"33":1,"34":1,"35":1,"36":2,"37":2,"38":2,"39":2,"40":2,"41":1,"42":1,"43":1,"44":2},"f":{"0":2,"1":2,"2":1,"3":2,"4":1,"5":2},"b":{"0":[2],"1":[1,1],"2":[1],"3":[1,1],"4":[1],"5":[1],"6":[1],"7":[1,1]}}
,"C:\\Desarrollo\\Estudios\\React\\InventoryManagment\\src\\middleware\\products.ts": {"path":"C:\\Desarrollo\\Estudios\\React\\InventoryManagment\\src\\middleware\\products.ts","statementMap":{"0":{"start":{"line":2,"column":0},"end":{"line":2,"column":53}},"1":{"start":{"line":4,"column":33},"end":{"line":20,"column":1}},"2":{"start":{"line":9,"column":17},"end":{"line":9,"column":38}},"3":{"start":{"line":11,"column":2},"end":{"line":16,"column":3}},"4":{"start":{"line":12,"column":4},"end":{"line":15,"column":7}},"5":{"start":{"line":19,"column":2},"end":{"line":19,"column":9}},"6":{"start":{"line":4,"column":13},"end":{"line":4,"column":33}}},"fnMap":{"0":{"name":"(anonymous_0)","decl":{"start":{"line":4,"column":33},"end":{"line":4,"column":null}},"loc":{"start":{"line":8,"column":4},"end":{"line":20,"column":1}}}},"branchMap":{"0":{"loc":{"start":{"line":11,"column":2},"end":{"line":16,"column":3}},"type":"if","locations":[{"start":{"line":11,"column":2},"end":{"line":16,"column":3}}]}},"s":{"0":2,"1":2,"2":17,"3":17,"4":9,"5":8,"6":2},"f":{"0":17},"b":{"0":[9]}}
,"C:\\Desarrollo\\Estudios\\React\\InventoryManagment\\src\\models\\Products.model.ts": {"path":"C:\\Desarrollo\\Estudios\\React\\InventoryManagment\\src\\models\\Products.model.ts","statementMap":{"0":{"start":{"line":1,"column":0},"end":{"line":1,"column":79}},"1":{"start":{"line":6,"column":0},"end":{"line":22,"column":null}},"2":{"start":{"line":10,"column":10},"end":{"line":10,"column":null}},"3":{"start":{"line":15,"column":10},"end":{"line":15,"column":null}},"4":{"start":{"line":21,"column":10},"end":{"line":21,"column":null}},"5":{"start":{"line":6,"column":6},"end":{"line":22,"column":null}},"6":{"start":{"line":24,"column":0},"end":{"line":24,"column":24}}},"fnMap":{},"branchMap":{},"s":{"0":3,"1":3,"2":3,"3":3,"4":3,"5":3,"6":3},"f":{},"b":{}}
,"C:\\Desarrollo\\Estudios\\React\\InventoryManagment\\src\\routers\\productos.ts": {"path":"C:\\Desarrollo\\Estudios\\React\\InventoryManagment\\src\\routers\\productos.ts","statementMap":{"0":{"start":{"line":1,"column":0},"end":{"line":1,"column":33}},"1":{"start":{"line":2,"column":0},"end":{"line":2,"column":null}},"2":{"start":{"line":10,"column":0},"end":{"line":10,"column":48}},"3":{"start":{"line":11,"column":0},"end":{"line":11,"column":59}},"4":{"start":{"line":13,"column":23},"end":{"line":13,"column":31}},"5":{"start":{"line":60,"column":0},"end":{"line":60,"column":34}},"6":{"start":{"line":90,"column":0},"end":{"line":99,"column":2}},"7":{"start":{"line":135,"column":0},"end":{"line":147,"column":2}},"8":{"start":{"line":141,"column":23},"end":{"line":141,"column":32}},"9":{"start":{"line":194,"column":0},"end":{"line":209,"column":2}},"10":{"start":{"line":199,"column":23},"end":{"line":199,"column":32}},"11":{"start":{"line":237,"column":0},"end":{"line":246,"column":2}},"12":{"start":{"line":276,"column":0},"end":{"line":285,"column":2}},"13":{"start":{"line":286,"column":0},"end":{"line":286,"column":30}}},"fnMap":{"0":{"name":"(anonymous_0)","decl":{"start":{"line":141,"column":12},"end":{"line":141,"column":13}},"loc":{"start":{"line":141,"column":23},"end":{"line":141,"column":32}}},"1":{"name":"(anonymous_1)","decl":{"start":{"line":199,"column":12},"end":{"line":199,"column":13}},"loc":{"start":{"line":199,"column":23},"end":{"line":199,"column":32}}}},"branchMap":{},"s":{"0":2,"1":2,"2":2,"3":2,"4":2,"5":2,"6":2,"7":2,"8":4,"9":2,"10":5,"11":2,"12":2,"13":2},"f":{"0":4,"1":5},"b":{}}
}
