TN:
SF:src\server.ts
FN:9,(anonymous_7)
FN:33,(anonymous_8)
FNF:2
FNH:2
FNDA:3,(anonymous_7)
FNDA:1,(anonymous_8)
DA:1,2
DA:2,2
DA:3,2
DA:4,2
DA:5,2
DA:6,2
DA:9,2
DA:10,3
DA:11,3
DA:12,2
DA:14,2
DA:16,1
DA:22,2
DA:25,2
DA:28,2
DA:31,2
DA:33,2
DA:34,1
DA:40,2
DA:41,2
DA:43,2
LF:21
LH:21
BRF:0
BRH:0
end_of_record
TN:
SF:src\config\db.ts
FNF:0
FNH:0
DA:1,2
DA:2,2
DA:4,2
DA:6,2
DA:16,2
LF:5
LH:5
BRF:0
BRH:0
end_of_record
TN:
SF:src\config\swagger.ts
FNF:0
FNH:0
DA:1,2
DA:5,2
DA:24,2
DA:26,2
DA:42,2
DA:44,2
LF:6
LH:6
BRF:0
BRH:0
end_of_record
TN:
SF:src\controllers\products.ts
FN:5,(anonymous_1)
FN:27,(anonymous_2)
FN:45,(anonymous_3)
FN:82,(anonymous_4)
FN:103,(anonymous_5)
FN:121,(anonymous_6)
FNF:6
FNH:6
FNDA:2,(anonymous_1)
FNDA:2,(anonymous_2)
FNDA:1,(anonymous_3)
FNDA:2,(anonymous_4)
FNDA:1,(anonymous_5)
FNDA:2,(anonymous_6)
DA:2,2
DA:5,2
DA:14,2
DA:18,2
DA:19,2
DA:27,2
DA:28,2
DA:29,2
DA:31,2
DA:32,1
DA:37,1
DA:45,2
DA:46,1
DA:72,1
DA:74,1
DA:75,1
DA:82,2
DA:83,2
DA:84,2
DA:86,2
DA:87,1
DA:89,1
DA:90,1
DA:96,1
DA:103,2
DA:104,1
DA:105,1
DA:107,1
DA:108,1
DA:109,1
DA:111,1
DA:112,1
DA:121,2
DA:122,2
DA:124,2
DA:126,2
DA:127,1
DA:129,1
DA:134,1
LF:39
LH:39
BRDA:18,0,0,2
BRDA:31,1,0,1
BRDA:31,1,1,1
BRDA:74,2,0,1
BRDA:86,3,0,1
BRDA:86,3,1,1
BRDA:89,4,0,1
BRDA:107,5,0,1
BRDA:111,6,0,1
BRDA:126,7,0,1
BRDA:126,7,1,1
BRF:11
BRH:11
end_of_record
TN:
SF:src\middleware\products.ts
FN:4,(anonymous_0)
FNF:1
FNH:1
FNDA:17,(anonymous_0)
DA:2,2
DA:4,2
DA:9,17
DA:11,17
DA:12,9
DA:19,8
LF:6
LH:6
BRDA:11,0,0,9
BRF:1
BRH:1
end_of_record
TN:
SF:src\models\Products.model.ts
FNF:0
FNH:0
DA:1,3
DA:6,3
DA:10,3
DA:15,3
DA:21,3
DA:24,3
LF:6
LH:6
BRF:0
BRH:0
end_of_record
TN:
SF:src\routers\productos.ts
FN:141,(anonymous_0)
FN:199,(anonymous_1)
FNF:2
FNH:2
FNDA:4,(anonymous_0)
FNDA:5,(anonymous_1)
DA:1,2
DA:2,2
DA:10,2
DA:11,2
DA:13,2
DA:60,2
DA:90,2
DA:135,2
DA:141,4
DA:194,2
DA:199,5
DA:237,2
DA:276,2
DA:286,2
LF:14
LH:14
BRF:0
BRH:0
end_of_record
